2026-02-28 13:22:32,983 - INFO - Starting Autosight Pipeline
2026-02-28 13:22:33,081 - INFO - Starting Daily trends analysis
2026-02-28 13:22:33,081 - INFO - Daily trend analysis completed successfully
2026-02-28 13:22:33,081 - INFO - starting predicting revenue
2026-02-28 13:22:33,081 - INFO - Predicting generated: 0
2026-02-28 13:22:33,352 - INFO - Using categorical units to plot a list of strings that are all parsable as floats or dates. If these strings should be plotted as numbers, cast to the appropriate data type before plotting.
2026-02-28 13:22:33,353 - INFO - Using categorical units to plot a list of strings that are all parsable as floats or dates. If these strings should be plotted as numbers, cast to the appropriate data type before plotting.
2026-02-28 13:22:33,385 - INFO - Using categorical units to plot a list of strings that are all parsable as floats or dates. If these strings should be plotted as numbers, cast to the appropriate data type before plotting.
2026-02-28 13:22:33,389 - INFO - Using categorical units to plot a list of strings that are all parsable as floats or dates. If these strings should be plotted as numbers, cast to the appropriate data type before plotting.
2026-02-28 13:22:33,412 - INFO - Using categorical units to plot a list of strings that are all parsable as floats or dates. If these strings should be plotted as numbers, cast to the appropriate data type before plotting.
2026-02-28 13:22:33,413 - INFO - Using categorical units to plot a list of strings that are all parsable as floats or dates. If these strings should be plotted as numbers, cast to the appropriate data type before plotting.
2026-02-28 13:22:33,435 - INFO - Using categorical units to plot a list of strings that are all parsable as floats or dates. If these strings should be plotted as numbers, cast to the appropriate data type before plotting.
2026-02-28 13:22:33,436 - INFO - Using categorical units to plot a list of strings that are all parsable as floats or dates. If these strings should be plotted as numbers, cast to the appropriate data type before plotting.
2026-02-28 13:33:41,489 - INFO - Starting Autosight Pipeline
2026-02-28 13:33:41,556 - INFO - Connected to DB
2026-02-28 13:33:41,556 - INFO - Getting data from the CSV
2026-02-28 13:33:41,572 - INFO - CSV data inserted successfully.
2026-02-28 13:33:41,577 - INFO - Starting Daily trends analysis
2026-02-28 13:33:41,577 - INFO - Daily trend analysis completed successfully
2026-02-28 13:33:41,577 - INFO - starting predicting revenue
2026-02-28 13:33:41,577 - INFO - Predicting generated: 0
2026-02-28 13:33:41,577 - INFO - Starting generating graph
2026-02-28 13:33:41,823 - INFO - Using categorical units to plot a list of strings that are all parsable as floats or dates. If these strings should be plotted as numbers, cast to the appropriate data type before plotting.
2026-02-28 13:33:41,825 - INFO - Using categorical units to plot a list of strings that are all parsable as floats or dates. If these strings should be plotted as numbers, cast to the appropriate data type before plotting.
2026-02-28 13:33:41,857 - INFO - Using categorical units to plot a list of strings that are all parsable as floats or dates. If these strings should be plotted as numbers, cast to the appropriate data type before plotting.
2026-02-28 13:33:41,859 - INFO - Using categorical units to plot a list of strings that are all parsable as floats or dates. If these strings should be plotted as numbers, cast to the appropriate data type before plotting.
2026-02-28 13:33:41,881 - INFO - Using categorical units to plot a list of strings that are all parsable as floats or dates. If these strings should be plotted as numbers, cast to the appropriate data type before plotting.
2026-02-28 13:33:41,881 - INFO - Using categorical units to plot a list of strings that are all parsable as floats or dates. If these strings should be plotted as numbers, cast to the appropriate data type before plotting.
2026-02-28 13:33:41,903 - INFO - Using categorical units to plot a list of strings that are all parsable as floats or dates. If these strings should be plotted as numbers, cast to the appropriate data type before plotting.
2026-02-28 13:33:41,904 - INFO - Using categorical units to plot a list of strings that are all parsable as floats or dates. If these strings should be plotted as numbers, cast to the appropriate data type before plotting.
2026-02-28 13:33:41,935 - INFO - revenue chart saved as revenue.png
2026-02-28 13:33:41,935 - INFO - Starting generating Report
2026-02-28 13:33:41,937 - INFO - Report exported successfully \u2192 report.json
2026-02-28 13:53:32,049 - INFO - Starting Autosight Pipeline
2026-02-28 13:53:32,101 - INFO - Got an error connection to server at "localhost" (::1), port 5432 failed: fe_sendauth: no password supplied

2026-02-28 13:57:56,133 - INFO - Starting Autosight Pipeline
2026-02-28 13:57:56,212 - INFO - Got an error connection to server at "localhost" (::1), port 5432 failed: fe_sendauth: no password supplied

2026-02-28 14:00:04,835 - INFO - Starting Autosight Pipeline
2026-02-28 14:00:04,908 - INFO - Got an error connection to server at "localhost" (::1), port 5432 failed: fe_sendauth: no password supplied

2026-02-28 14:01:27,095 - INFO - Starting Autosight Pipeline
2026-02-28 14:01:27,152 - INFO - Got an error connection to server at "localhost" (::1), port 5432 failed: fe_sendauth: no password supplied

2026-02-28 14:03:56,610 - INFO - Starting Autosight Pipeline
2026-02-28 14:03:56,688 - INFO - Got an error connection to server at "localhost" (::1), port 5432 failed: FATAL:  database "autosight_db" does not exist

2026-02-28 14:05:57,549 - INFO - Starting Autosight Pipeline
2026-02-28 14:05:57,695 - INFO - Got an error connection to server at "localhost" (::1), port 5432 failed: fe_sendauth: no password supplied

2026-02-28 14:08:50,231 - INFO - Starting Autosight Pipeline
2026-02-28 14:08:50,284 - INFO - Got an error connection to server at "localhost" (::1), port 5432 failed: fe_sendauth: no password supplied

2026-02-28 14:09:35,386 - INFO - Starting Autosight Pipeline
2026-02-28 14:09:35,455 - INFO - Got an error connection to server at "localhost" (::1), port 5432 failed: fe_sendauth: no password supplied

2026-02-28 14:10:36,809 - INFO - Starting Autosight Pipeline
2026-02-28 14:10:36,860 - INFO - Got an error connection to server at "localhost" (::1), port 5432 failed: fe_sendauth: no password supplied

2026-02-28 14:13:29,244 - INFO - Starting Autosight Pipeline
2026-02-28 14:13:29,323 - INFO - Connected to DB
2026-02-28 14:13:29,323 - INFO - Getting data from the CSV
2026-02-28 14:13:29,342 - INFO - CSV data inserted successfully.
2026-02-28 14:13:29,349 - INFO - Starting Daily trends analysis
2026-02-28 14:13:29,350 - INFO - Daily trend analysis completed successfully
2026-02-28 14:13:29,350 - INFO - starting predicting revenue
2026-02-28 14:13:29,350 - INFO - Predicting generated: 0
2026-02-28 14:13:29,350 - INFO - Starting generating graph
2026-02-28 14:13:29,672 - INFO - Using categorical units to plot a list of strings that are all parsable as floats or dates. If these strings should be plotted as numbers, cast to the appropriate data type before plotting.
2026-02-28 14:13:29,673 - INFO - Using categorical units to plot a list of strings that are all parsable as floats or dates. If these strings should be plotted as numbers, cast to the appropriate data type before plotting.
2026-02-28 14:13:29,711 - INFO - Using categorical units to plot a list of strings that are all parsable as floats or dates. If these strings should be plotted as numbers, cast to the appropriate data type before plotting.
2026-02-28 14:13:29,717 - INFO - Using categorical units to plot a list of strings that are all parsable as floats or dates. If these strings should be plotted as numbers, cast to the appropriate data type before plotting.
2026-02-28 14:13:29,741 - INFO - Using categorical units to plot a list of strings that are all parsable as floats or dates. If these strings should be plotted as numbers, cast to the appropriate data type before plotting.
2026-02-28 14:13:29,742 - INFO - Using categorical units to plot a list of strings that are all parsable as floats or dates. If these strings should be plotted as numbers, cast to the appropriate data type before plotting.
2026-02-28 14:13:29,767 - INFO - Using categorical units to plot a list of strings that are all parsable as floats or dates. If these strings should be plotted as numbers, cast to the appropriate data type before plotting.
2026-02-28 14:13:29,767 - INFO - Using categorical units to plot a list of strings that are all parsable as floats or dates. If these strings should be plotted as numbers, cast to the appropriate data type before plotting.
2026-02-28 14:13:29,800 - INFO - revenue chart saved as revenue.png
2026-02-28 14:13:29,801 - INFO - Starting generating Report
2026-02-28 14:13:29,802 - INFO - Report exported successfully \u2192 report.json
2026-02-28 14:14:37,446 - INFO - Starting Autosight Pipeline
2026-02-28 14:14:37,578 - INFO - Connected to DB
2026-02-28 14:14:37,578 - INFO - Getting data from the CSV
2026-02-28 14:14:37,595 - INFO - CSV data inserted successfully.
2026-02-28 14:14:37,602 - INFO - Starting Daily trends analysis
2026-02-28 14:14:37,602 - INFO - Daily trend analysis completed successfully
2026-02-28 14:14:37,602 - INFO - starting predicting revenue
2026-02-28 14:14:37,602 - INFO - Predicting generated: 0
2026-02-28 14:14:37,602 - INFO - Starting generating graph
2026-02-28 14:14:38,298 - INFO - Using categorical units to plot a list of strings that are all parsable as floats or dates. If these strings should be plotted as numbers, cast to the appropriate data type before plotting.
2026-02-28 14:14:38,299 - INFO - Using categorical units to plot a list of strings that are all parsable as floats or dates. If these strings should be plotted as numbers, cast to the appropriate data type before plotting.
2026-02-28 14:14:38,342 - INFO - Using categorical units to plot a list of strings that are all parsable as floats or dates. If these strings should be plotted as numbers, cast to the appropriate data type before plotting.
2026-02-28 14:14:38,345 - INFO - Using categorical units to plot a list of strings that are all parsable as floats or dates. If these strings should be plotted as numbers, cast to the appropriate data type before plotting.
2026-02-28 14:14:38,375 - INFO - Using categorical units to plot a list of strings that are all parsable as floats or dates. If these strings should be plotted as numbers, cast to the appropriate data type before plotting.
2026-02-28 14:14:38,375 - INFO - Using categorical units to plot a list of strings that are all parsable as floats or dates. If these strings should be plotted as numbers, cast to the appropriate data type before plotting.
2026-02-28 14:14:38,406 - INFO - Using categorical units to plot a list of strings that are all parsable as floats or dates. If these strings should be plotted as numbers, cast to the appropriate data type before plotting.
2026-02-28 14:14:38,407 - INFO - Using categorical units to plot a list of strings that are all parsable as floats or dates. If these strings should be plotted as numbers, cast to the appropriate data type before plotting.
2026-02-28 14:14:38,461 - INFO - revenue chart saved as revenue.png
2026-02-28 14:14:38,462 - INFO - Starting generating Report
2026-02-28 14:14:38,466 - INFO - Report exported successfully \u2192 report.json
2026-02-28 14:14:55,033 - INFO - Starting Autosight Pipeline
2026-02-28 14:14:55,097 - INFO - Connected to DB
2026-02-28 14:14:55,097 - INFO - Getting data from the CSV
2026-02-28 14:14:55,104 - INFO - CSV data inserted successfully.
2026-02-28 14:14:55,107 - INFO - Starting Daily trends analysis
2026-02-28 14:14:55,107 - INFO - Daily trend analysis completed successfully
2026-02-28 14:14:55,107 - INFO - starting predicting revenue
2026-02-28 14:14:55,107 - INFO - Predicting generated: 0
2026-02-28 14:14:55,107 - INFO - Starting generating graph
2026-02-28 14:14:55,334 - INFO - Using categorical units to plot a list of strings that are all parsable as floats or dates. If these strings should be plotted as numbers, cast to the appropriate data type before plotting.
2026-02-28 14:14:55,335 - INFO - Using categorical units to plot a list of strings that are all parsable as floats or dates. If these strings should be plotted as numbers, cast to the appropriate data type before plotting.
2026-02-28 14:14:55,361 - INFO - Using categorical units to plot a list of strings that are all parsable as floats or dates. If these strings should be plotted as numbers, cast to the appropriate data type before plotting.
2026-02-28 14:14:55,365 - INFO - Using categorical units to plot a list of strings that are all parsable as floats or dates. If these strings should be plotted as numbers, cast to the appropriate data type before plotting.
2026-02-28 14:14:55,386 - INFO - Using categorical units to plot a list of strings that are all parsable as floats or dates. If these strings should be plotted as numbers, cast to the appropriate data type before plotting.
2026-02-28 14:14:55,387 - INFO - Using categorical units to plot a list of strings that are all parsable as floats or dates. If these strings should be plotted as numbers, cast to the appropriate data type before plotting.
2026-02-28 14:14:55,410 - INFO - Using categorical units to plot a list of strings that are all parsable as floats or dates. If these strings should be plotted as numbers, cast to the appropriate data type before plotting.
2026-02-28 14:14:55,411 - INFO - Using categorical units to plot a list of strings that are all parsable as floats or dates. If these strings should be plotted as numbers, cast to the appropriate data type before plotting.
2026-02-28 14:14:55,444 - INFO - revenue chart saved as revenue.png
2026-02-28 14:14:55,444 - INFO - Starting generating Report
2026-02-28 14:14:55,445 - INFO - Report exported successfully \u2192 report.json
2026-02-28 14:15:25,100 - INFO - Starting Autosight Pipeline
2026-02-28 14:15:25,171 - INFO - Connected to DB
2026-02-28 14:15:25,171 - INFO - Getting data from the CSV
2026-02-28 14:15:25,179 - INFO - CSV data inserted successfully.
2026-02-28 14:15:25,181 - INFO - Starting Daily trends analysis
2026-02-28 14:15:25,181 - INFO - Daily trend analysis completed successfully
2026-02-28 14:15:25,182 - INFO - starting predicting revenue
2026-02-28 14:15:25,182 - INFO - Predicting generated: 0
2026-02-28 14:15:25,182 - INFO - Starting generating graph
2026-02-28 14:15:25,426 - INFO - Using categorical units to plot a list of strings that are all parsable as floats or dates. If these strings should be plotted as numbers, cast to the appropriate data type before plotting.
2026-02-28 14:15:25,427 - INFO - Using categorical units to plot a list of strings that are all parsable as floats or dates. If these strings should be plotted as numbers, cast to the appropriate data type before plotting.
2026-02-28 14:15:25,458 - INFO - Using categorical units to plot a list of strings that are all parsable as floats or dates. If these strings should be plotted as numbers, cast to the appropriate data type before plotting.
2026-02-28 14:15:25,460 - INFO - Using categorical units to plot a list of strings that are all parsable as floats or dates. If these strings should be plotted as numbers, cast to the appropriate data type before plotting.
2026-02-28 14:15:25,482 - INFO - Using categorical units to plot a list of strings that are all parsable as floats or dates. If these strings should be plotted as numbers, cast to the appropriate data type before plotting.
2026-02-28 14:15:25,482 - INFO - Using categorical units to plot a list of strings that are all parsable as floats or dates. If these strings should be plotted as numbers, cast to the appropriate data type before plotting.
2026-02-28 14:15:25,507 - INFO - Using categorical units to plot a list of strings that are all parsable as floats or dates. If these strings should be plotted as numbers, cast to the appropriate data type before plotting.
2026-02-28 14:15:25,508 - INFO - Using categorical units to plot a list of strings that are all parsable as floats or dates. If these strings should be plotted as numbers, cast to the appropriate data type before plotting.
2026-02-28 14:15:25,548 - INFO - revenue chart saved as revenue.png
2026-02-28 14:15:25,548 - INFO - Starting generating Report
2026-02-28 14:15:25,551 - INFO - Report exported successfully \u2192 report.json
2026-02-28 22:07:44,436 - INFO - Starting Autosight Pipeline
2026-02-28 22:07:44,516 - INFO - Connected to DB
2026-02-28 22:07:44,516 - INFO - Getting data from the CSV
2026-02-28 22:07:44,553 - INFO - CSV data inserted successfully.
2026-02-28 22:07:44,560 - INFO - Starting Daily trends analysis
2026-02-28 22:07:44,560 - INFO - Daily trend analysis completed successfully
2026-02-28 22:07:44,560 - INFO - starting predicting revenue
2026-02-28 22:07:44,560 - INFO - Predicting generated: 0
2026-02-28 22:07:44,560 - INFO - Starting generating graph
2026-02-28 22:07:45,055 - INFO - Using categorical units to plot a list of strings that are all parsable as floats or dates. If these strings should be plotted as numbers, cast to the appropriate data type before plotting.
2026-02-28 22:07:45,057 - INFO - Using categorical units to plot a list of strings that are all parsable as floats or dates. If these strings should be plotted as numbers, cast to the appropriate data type before plotting.
2026-02-28 22:07:45,094 - INFO - Using categorical units to plot a list of strings that are all parsable as floats or dates. If these strings should be plotted as numbers, cast to the appropriate data type before plotting.
2026-02-28 22:07:45,098 - INFO - Using categorical units to plot a list of strings that are all parsable as floats or dates. If these strings should be plotted as numbers, cast to the appropriate data type before plotting.
2026-02-28 22:07:45,120 - INFO - Using categorical units to plot a list of strings that are all parsable as floats or dates. If these strings should be plotted as numbers, cast to the appropriate data type before plotting.
2026-02-28 22:07:45,121 - INFO - Using categorical units to plot a list of strings that are all parsable as floats or dates. If these strings should be plotted as numbers, cast to the appropriate data type before plotting.
2026-02-28 22:07:45,144 - INFO - Using categorical units to plot a list of strings that are all parsable as floats or dates. If these strings should be plotted as numbers, cast to the appropriate data type before plotting.
2026-02-28 22:07:45,145 - INFO - Using categorical units to plot a list of strings that are all parsable as floats or dates. If these strings should be plotted as numbers, cast to the appropriate data type before plotting.
2026-02-28 22:07:45,175 - INFO - revenue chart saved as revenue.png
2026-02-28 22:07:45,176 - INFO - Starting generating Report
2026-02-28 22:07:45,178 - INFO - Report exported successfully \u2192 report.json
2026-02-28 22:08:49,003 - INFO - Starting Autosight Pipeline
2026-02-28 22:08:49,171 - INFO - Connected to DB
2026-02-28 22:08:49,172 - INFO - Getting data from the CSV
2026-02-28 22:08:49,184 - INFO - CSV data inserted successfully.
2026-02-28 22:08:49,187 - INFO - Starting Daily trends analysis
2026-02-28 22:08:49,187 - INFO - Daily trend analysis completed successfully
2026-02-28 22:08:49,187 - INFO - starting predicting revenue
2026-02-28 22:08:49,187 - INFO - Predicting generated: 0
2026-02-28 22:08:49,187 - INFO - Starting generating graph
2026-02-28 22:08:49,416 - INFO - Using categorical units to plot a list of strings that are all parsable as floats or dates. If these strings should be plotted as numbers, cast to the appropriate data type before plotting.
2026-02-28 22:08:49,417 - INFO - Using categorical units to plot a list of strings that are all parsable as floats or dates. If these strings should be plotted as numbers, cast to the appropriate data type before plotting.
2026-02-28 22:08:49,445 - INFO - Using categorical units to plot a list of strings that are all parsable as floats or dates. If these strings should be plotted as numbers, cast to the appropriate data type before plotting.
2026-02-28 22:08:49,448 - INFO - Using categorical units to plot a list of strings that are all parsable as floats or dates. If these strings should be plotted as numbers, cast to the appropriate data type before plotting.
2026-02-28 22:08:49,475 - INFO - Using categorical units to plot a list of strings that are all parsable as floats or dates. If these strings should be plotted as numbers, cast to the appropriate data type before plotting.
2026-02-28 22:08:49,476 - INFO - Using categorical units to plot a list of strings that are all parsable as floats or dates. If these strings should be plotted as numbers, cast to the appropriate data type before plotting.
2026-02-28 22:08:49,502 - INFO - Using categorical units to plot a list of strings that are all parsable as floats or dates. If these strings should be plotted as numbers, cast to the appropriate data type before plotting.
2026-02-28 22:08:49,503 - INFO - Using categorical units to plot a list of strings that are all parsable as floats or dates. If these strings should be plotted as numbers, cast to the appropriate data type before plotting.
2026-02-28 22:08:49,536 - INFO - revenue chart saved as revenue.png
2026-02-28 22:08:49,536 - INFO - Starting generating Report
2026-02-28 22:08:49,538 - INFO - Report exported successfully \u2192 report.json
2026-02-28 22:09:11,986 - INFO - Starting Autosight Pipeline
2026-02-28 22:09:12,042 - INFO - Connected to DB
2026-02-28 22:09:12,042 - INFO - Getting data from the CSV
2026-02-28 22:09:12,048 - INFO - CSV data inserted successfully.
2026-02-28 22:09:12,050 - INFO - Starting Daily trends analysis
2026-02-28 22:09:12,050 - INFO - Daily trend analysis completed successfully
2026-02-28 22:09:12,050 - INFO - starting predicting revenue
2026-02-28 22:09:12,050 - INFO - Predicting generated: 0
2026-02-28 22:09:12,050 - INFO - Starting generating graph
2026-02-28 22:09:12,271 - INFO - Using categorical units to plot a list of strings that are all parsable as floats or dates. If these strings should be plotted as numbers, cast to the appropriate data type before plotting.
2026-02-28 22:09:12,272 - INFO - Using categorical units to plot a list of strings that are all parsable as floats or dates. If these strings should be plotted as numbers, cast to the appropriate data type before plotting.
2026-02-28 22:09:12,300 - INFO - Using categorical units to plot a list of strings that are all parsable as floats or dates. If these strings should be plotted as numbers, cast to the appropriate data type before plotting.
2026-02-28 22:09:12,302 - INFO - Using categorical units to plot a list of strings that are all parsable as floats or dates. If these strings should be plotted as numbers, cast to the appropriate data type before plotting.
2026-02-28 22:09:12,319 - INFO - Using categorical units to plot a list of strings that are all parsable as floats or dates. If these strings should be plotted as numbers, cast to the appropriate data type before plotting.
2026-02-28 22:09:12,320 - INFO - Using categorical units to plot a list of strings that are all parsable as floats or dates. If these strings should be plotted as numbers, cast to the appropriate data type before plotting.
2026-02-28 22:09:12,341 - INFO - Using categorical units to plot a list of strings that are all parsable as floats or dates. If these strings should be plotted as numbers, cast to the appropriate data type before plotting.
2026-02-28 22:09:12,341 - INFO - Using categorical units to plot a list of strings that are all parsable as floats or dates. If these strings should be plotted as numbers, cast to the appropriate data type before plotting.
2026-02-28 22:09:12,372 - INFO - revenue chart saved as revenue.png
2026-02-28 22:09:12,372 - INFO - Starting generating Report
2026-02-28 22:09:12,376 - INFO - Report exported successfully \u2192 report.json
2026-02-28 22:09:24,122 - INFO - Starting Autosight Pipeline
2026-02-28 22:09:24,181 - INFO - Connected to DB
2026-02-28 22:09:24,181 - INFO - Getting data from the CSV
2026-02-28 22:09:24,186 - INFO - CSV data inserted successfully.
2026-02-28 22:09:24,188 - INFO - Starting Daily trends analysis
2026-02-28 22:09:24,188 - INFO - Daily trend analysis completed successfully
2026-02-28 22:09:24,188 - INFO - starting predicting revenue
2026-02-28 22:09:24,188 - INFO - Predicting generated: 0
2026-02-28 22:09:24,188 - INFO - Starting generating graph
2026-02-28 22:09:24,409 - INFO - Using categorical units to plot a list of strings that are all parsable as floats or dates. If these strings should be plotted as numbers, cast to the appropriate data type before plotting.
2026-02-28 22:09:24,410 - INFO - Using categorical units to plot a list of strings that are all parsable as floats or dates. If these strings should be plotted as numbers, cast to the appropriate data type before plotting.
2026-02-28 22:09:24,435 - INFO - Using categorical units to plot a list of strings that are all parsable as floats or dates. If these strings should be plotted as numbers, cast to the appropriate data type before plotting.
2026-02-28 22:09:24,436 - INFO - Using categorical units to plot a list of strings that are all parsable as floats or dates. If these strings should be plotted as numbers, cast to the appropriate data type before plotting.
2026-02-28 22:09:24,455 - INFO - Using categorical units to plot a list of strings that are all parsable as floats or dates. If these strings should be plotted as numbers, cast to the appropriate data type before plotting.
2026-02-28 22:09:24,456 - INFO - Using categorical units to plot a list of strings that are all parsable as floats or dates. If these strings should be plotted as numbers, cast to the appropriate data type before plotting.
2026-02-28 22:09:24,476 - INFO - Using categorical units to plot a list of strings that are all parsable as floats or dates. If these strings should be plotted as numbers, cast to the appropriate data type before plotting.
2026-02-28 22:09:24,477 - INFO - Using categorical units to plot a list of strings that are all parsable as floats or dates. If these strings should be plotted as numbers, cast to the appropriate data type before plotting.
2026-02-28 22:09:24,508 - INFO - revenue chart saved as revenue.png
2026-02-28 22:09:24,508 - INFO - Starting generating Report
2026-02-28 22:09:24,510 - INFO - Report exported successfully \u2192 report.json
2026-02-28 22:11:12,760 - INFO - Starting Autosight Pipeline
2026-02-28 22:11:12,932 - INFO - Connected to DB
2026-02-28 22:11:12,933 - INFO - Getting data from the CSV
2026-02-28 22:11:12,949 - INFO - CSV data inserted successfully.
2026-02-28 22:11:12,954 - INFO - Starting Daily trends analysis
2026-02-28 22:11:12,954 - INFO - Daily trend analysis completed successfully
2026-02-28 22:11:12,954 - INFO - starting predicting revenue
2026-02-28 22:11:12,954 - INFO - Predicting generated: 0
2026-02-28 22:11:12,954 - INFO - Starting generating graph
2026-02-28 22:11:13,240 - INFO - Using categorical units to plot a list of strings that are all parsable as floats or dates. If these strings should be plotted as numbers, cast to the appropriate data type before plotting.
2026-02-28 22:11:13,242 - INFO - Using categorical units to plot a list of strings that are all parsable as floats or dates. If these strings should be plotted as numbers, cast to the appropriate data type before plotting.
2026-02-28 22:11:13,274 - INFO - Using categorical units to plot a list of strings that are all parsable as floats or dates. If these strings should be plotted as numbers, cast to the appropriate data type before plotting.
2026-02-28 22:11:13,276 - INFO - Using categorical units to plot a list of strings that are all parsable as floats or dates. If these strings should be plotted as numbers, cast to the appropriate data type before plotting.
2026-02-28 22:11:13,301 - INFO - Using categorical units to plot a list of strings that are all parsable as floats or dates. If these strings should be plotted as numbers, cast to the appropriate data type before plotting.
2026-02-28 22:11:13,301 - INFO - Using categorical units to plot a list of strings that are all parsable as floats or dates. If these strings should be plotted as numbers, cast to the appropriate data type before plotting.
2026-02-28 22:11:13,326 - INFO - Using categorical units to plot a list of strings that are all parsable as floats or dates. If these strings should be plotted as numbers, cast to the appropriate data type before plotting.
2026-02-28 22:11:13,327 - INFO - Using categorical units to plot a list of strings that are all parsable as floats or dates. If these strings should be plotted as numbers, cast to the appropriate data type before plotting.
2026-02-28 22:11:13,362 - INFO - revenue chart saved as revenue.png
2026-02-28 22:11:13,363 - INFO - Starting generating Report
2026-02-28 22:11:13,374 - INFO - Report exported successfully \u2192 report.json
2026-02-28 22:12:32,277 - INFO - Starting Autosight Pipeline
2026-02-28 22:12:32,345 - INFO - Connected to DB
2026-02-28 22:12:32,345 - INFO - Getting data from the CSV
2026-02-28 22:12:32,354 - INFO - CSV data inserted successfully.
2026-02-28 22:12:32,356 - INFO - Starting Daily trends analysis
2026-02-28 22:12:32,356 - INFO - Daily trend analysis completed successfully
2026-02-28 22:12:32,356 - INFO - starting predicting revenue
2026-02-28 22:12:32,356 - INFO - Predicting generated: 0
2026-02-28 22:12:32,356 - INFO - Starting generating graph
2026-02-28 22:12:32,618 - INFO - Using categorical units to plot a list of strings that are all parsable as floats or dates. If these strings should be plotted as numbers, cast to the appropriate data type before plotting.
2026-02-28 22:12:32,619 - INFO - Using categorical units to plot a list of strings that are all parsable as floats or dates. If these strings should be plotted as numbers, cast to the appropriate data type before plotting.
2026-02-28 22:12:32,643 - INFO - Using categorical units to plot a list of strings that are all parsable as floats or dates. If these strings should be plotted as numbers, cast to the appropriate data type before plotting.
2026-02-28 22:12:32,644 - INFO - Using categorical units to plot a list of strings that are all parsable as floats or dates. If these strings should be plotted as numbers, cast to the appropriate data type before plotting.
2026-02-28 22:12:32,663 - INFO - Using categorical units to plot a list of strings that are all parsable as floats or dates. If these strings should be plotted as numbers, cast to the appropriate data type before plotting.
2026-02-28 22:12:32,664 - INFO - Using categorical units to plot a list of strings that are all parsable as floats or dates. If these strings should be plotted as numbers, cast to the appropriate data type before plotting.
2026-02-28 22:12:32,685 - INFO - Using categorical units to plot a list of strings that are all parsable as floats or dates. If these strings should be plotted as numbers, cast to the appropriate data type before plotting.
2026-02-28 22:12:32,686 - INFO - Using categorical units to plot a list of strings that are all parsable as floats or dates. If these strings should be plotted as numbers, cast to the appropriate data type before plotting.
2026-02-28 22:12:32,714 - INFO - revenue chart saved as revenue.png
2026-02-28 22:12:32,715 - INFO - Starting generating Report
2026-02-28 22:12:32,719 - INFO - Report exported successfully \u2192 report.json
2026-02-28 22:13:26,153 - INFO - Starting Autosight Pipeline
2026-02-28 22:13:26,223 - INFO - Connected to DB
2026-02-28 22:13:26,223 - INFO - Getting data from the CSV
2026-02-28 22:13:26,232 - INFO - CSV data inserted successfully.
2026-02-28 22:13:26,237 - INFO - Starting Daily trends analysis
2026-02-28 22:13:26,238 - INFO - Daily trend analysis completed successfully
2026-02-28 22:13:26,238 - INFO - starting predicting revenue
2026-02-28 22:13:26,238 - INFO - Predicting generated: 0
2026-02-28 22:13:26,238 - INFO - Starting generating graph
2026-02-28 22:13:26,457 - INFO - Using categorical units to plot a list of strings that are all parsable as floats or dates. If these strings should be plotted as numbers, cast to the appropriate data type before plotting.
2026-02-28 22:13:26,458 - INFO - Using categorical units to plot a list of strings that are all parsable as floats or dates. If these strings should be plotted as numbers, cast to the appropriate data type before plotting.
2026-02-28 22:13:26,484 - INFO - Using categorical units to plot a list of strings that are all parsable as floats or dates. If these strings should be plotted as numbers, cast to the appropriate data type before plotting.
2026-02-28 22:13:26,486 - INFO - Using categorical units to plot a list of strings that are all parsable as floats or dates. If these strings should be plotted as numbers, cast to the appropriate data type before plotting.
2026-02-28 22:13:26,504 - INFO - Using categorical units to plot a list of strings that are all parsable as floats or dates. If these strings should be plotted as numbers, cast to the appropriate data type before plotting.
2026-02-28 22:13:26,505 - INFO - Using categorical units to plot a list of strings that are all parsable as floats or dates. If these strings should be plotted as numbers, cast to the appropriate data type before plotting.
2026-02-28 22:13:26,525 - INFO - Using categorical units to plot a list of strings that are all parsable as floats or dates. If these strings should be plotted as numbers, cast to the appropriate data type before plotting.
2026-02-28 22:13:26,526 - INFO - Using categorical units to plot a list of strings that are all parsable as floats or dates. If these strings should be plotted as numbers, cast to the appropriate data type before plotting.
2026-02-28 22:13:26,558 - INFO - revenue chart saved as revenue.png
2026-02-28 22:13:26,558 - INFO - Starting generating Report
2026-02-28 22:13:26,561 - INFO - Report exported successfully \u2192 report.json
2026-03-01 14:58:14,915 - INFO - Starting Autosight Pipeline
2026-03-01 14:58:14,974 - INFO - Connected to DB
2026-03-01 14:58:14,974 - INFO - Getting data from the CSV
2026-03-01 14:58:15,000 - INFO - CSV data inserted successfully.
2026-03-01 14:58:15,003 - INFO - Starting Daily trends analysis
2026-03-01 14:58:15,003 - INFO - Daily trend analysis completed successfully
2026-03-01 14:58:15,003 - INFO - starting predicting revenue
2026-03-01 14:58:15,004 - INFO - Predicting generated: 282952.8816666667
2026-03-01 14:58:15,004 - INFO - Starting generating graph
2026-03-01 14:58:15,572 - INFO - Using categorical units to plot a list of strings that are all parsable as floats or dates. If these strings should be plotted as numbers, cast to the appropriate data type before plotting.
2026-03-01 14:58:15,575 - INFO - Using categorical units to plot a list of strings that are all parsable as floats or dates. If these strings should be plotted as numbers, cast to the appropriate data type before plotting.
2026-03-01 14:58:15,661 - INFO - Using categorical units to plot a list of strings that are all parsable as floats or dates. If these strings should be plotted as numbers, cast to the appropriate data type before plotting.
2026-03-01 14:58:15,663 - INFO - Using categorical units to plot a list of strings that are all parsable as floats or dates. If these strings should be plotted as numbers, cast to the appropriate data type before plotting.
2026-03-01 14:58:15,697 - INFO - Using categorical units to plot a list of strings that are all parsable as floats or dates. If these strings should be plotted as numbers, cast to the appropriate data type before plotting.
2026-03-01 14:58:15,698 - INFO - Using categorical units to plot a list of strings that are all parsable as floats or dates. If these strings should be plotted as numbers, cast to the appropriate data type before plotting.
2026-03-01 14:58:15,753 - INFO - Using categorical units to plot a list of strings that are all parsable as floats or dates. If these strings should be plotted as numbers, cast to the appropriate data type before plotting.
2026-03-01 14:58:15,754 - INFO - Using categorical units to plot a list of strings that are all parsable as floats or dates. If these strings should be plotted as numbers, cast to the appropriate data type before plotting.
2026-03-01 14:58:15,799 - INFO - revenue chart saved as revenue.png
2026-03-01 14:58:15,800 - INFO - Starting generating Report
2026-03-01 14:58:15,803 - INFO - Report exported successfully \u2192 report.json
2026-03-01 15:07:01,734 - INFO - Starting Autosight Pipeline
2026-03-01 15:07:01,844 - INFO - Connected to DB
2026-03-01 15:07:01,844 - INFO - Getting data from the CSV
2026-03-01 15:07:01,888 - INFO - CSV data inserted successfully.
2026-03-01 15:07:01,893 - INFO - Starting Daily trends analysis
2026-03-01 15:07:01,894 - INFO - Daily trend analysis completed successfully
2026-03-01 15:07:01,894 - INFO - starting predicting revenue
2026-03-01 15:07:01,894 - INFO - Predicting generated: 3433770.0
2026-03-01 15:07:01,894 - INFO - Starting generating graph
2026-03-01 15:07:02,165 - INFO - Using categorical units to plot a list of strings that are all parsable as floats or dates. If these strings should be plotted as numbers, cast to the appropriate data type before plotting.
2026-03-01 15:07:02,167 - INFO - Using categorical units to plot a list of strings that are all parsable as floats or dates. If these strings should be plotted as numbers, cast to the appropriate data type before plotting.
2026-03-01 15:07:02,228 - INFO - Using categorical units to plot a list of strings that are all parsable as floats or dates. If these strings should be plotted as numbers, cast to the appropriate data type before plotting.
2026-03-01 15:07:02,230 - INFO - Using categorical units to plot a list of strings that are all parsable as floats or dates. If these strings should be plotted as numbers, cast to the appropriate data type before plotting.
2026-03-01 15:07:02,264 - INFO - Using categorical units to plot a list of strings that are all parsable as floats or dates. If these strings should be plotted as numbers, cast to the appropriate data type before plotting.
2026-03-01 15:07:02,265 - INFO - Using categorical units to plot a list of strings that are all parsable as floats or dates. If these strings should be plotted as numbers, cast to the appropriate data type before plotting.
2026-03-01 15:07:02,315 - INFO - Using categorical units to plot a list of strings that are all parsable as floats or dates. If these strings should be plotted as numbers, cast to the appropriate data type before plotting.
2026-03-01 15:07:02,316 - INFO - Using categorical units to plot a list of strings that are all parsable as floats or dates. If these strings should be plotted as numbers, cast to the appropriate data type before plotting.
2026-03-01 15:07:02,370 - INFO - revenue chart saved as revenue.png
2026-03-01 15:07:02,371 - INFO - Starting generating Report
2026-03-01 15:07:02,373 - INFO - Report exported successfully \u2192 report.json
2026-03-01 15:20:03,406 - INFO - Starting Autosight Pipeline
2026-03-01 15:20:03,463 - INFO - Connected to DB
2026-03-01 15:20:03,464 - INFO - Getting data from the CSV
2026-03-01 15:20:03,523 - INFO - CSV data inserted successfully.
2026-03-01 15:20:03,529 - INFO - Starting Daily trends analysis
2026-03-01 15:20:03,529 - INFO - Daily trend analysis completed successfully
2026-03-01 15:20:03,529 - INFO - starting predicting revenue
2026-03-01 15:20:03,529 - INFO - Predicting generated: 3231155.0
2026-03-01 15:20:03,529 - INFO - Starting generating graph
2026-03-01 15:20:03,797 - INFO - Using categorical units to plot a list of strings that are all parsable as floats or dates. If these strings should be plotted as numbers, cast to the appropriate data type before plotting.
2026-03-01 15:20:03,798 - INFO - Using categorical units to plot a list of strings that are all parsable as floats or dates. If these strings should be plotted as numbers, cast to the appropriate data type before plotting.
2026-03-01 15:20:03,862 - INFO - Using categorical units to plot a list of strings that are all parsable as floats or dates. If these strings should be plotted as numbers, cast to the appropriate data type before plotting.
2026-03-01 15:20:03,863 - INFO - Using categorical units to plot a list of strings that are all parsable as floats or dates. If these strings should be plotted as numbers, cast to the appropriate data type before plotting.
2026-03-01 15:20:03,897 - INFO - Using categorical units to plot a list of strings that are all parsable as floats or dates. If these strings should be plotted as numbers, cast to the appropriate data type before plotting.
2026-03-01 15:20:03,898 - INFO - Using categorical units to plot a list of strings that are all parsable as floats or dates. If these strings should be plotted as numbers, cast to the appropriate data type before plotting.
2026-03-01 15:20:03,946 - INFO - Using categorical units to plot a list of strings that are all parsable as floats or dates. If these strings should be plotted as numbers, cast to the appropriate data type before plotting.
2026-03-01 15:20:03,946 - INFO - Using categorical units to plot a list of strings that are all parsable as floats or dates. If these strings should be plotted as numbers, cast to the appropriate data type before plotting.
2026-03-01 15:20:03,993 - INFO - revenue chart saved as revenue.png
2026-03-01 15:20:03,993 - INFO - Starting generating Report
2026-03-01 15:20:03,996 - INFO - Report exported successfully \u2192 report.json
2026-03-01 22:55:40,725 - INFO - Starting Autosight Pipeline
2026-03-01 22:55:40,809 - INFO - Connected to DB
2026-03-01 22:55:40,809 - INFO - Getting data from the CSV
2026-03-01 22:55:40,877 - INFO - CSV data inserted successfully.
2026-03-01 22:55:40,886 - INFO - Starting Daily trends analysis
2026-03-01 22:55:40,886 - INFO - Daily trend analysis completed successfully
2026-03-01 22:55:40,886 - INFO - starting predicting revenue
2026-03-01 22:55:40,887 - INFO - Predicting generated: 3231155.0
2026-03-01 22:55:40,887 - INFO - Starting generating graph
2026-03-01 22:55:41,601 - INFO - Using categorical units to plot a list of strings that are all parsable as floats or dates. If these strings should be plotted as numbers, cast to the appropriate data type before plotting.
2026-03-01 22:55:41,603 - INFO - Using categorical units to plot a list of strings that are all parsable as floats or dates. If these strings should be plotted as numbers, cast to the appropriate data type before plotting.
2026-03-01 22:55:41,695 - INFO - Using categorical units to plot a list of strings that are all parsable as floats or dates. If these strings should be plotted as numbers, cast to the appropriate data type before plotting.
2026-03-01 22:55:41,696 - INFO - Using categorical units to plot a list of strings that are all parsable as floats or dates. If these strings should be plotted as numbers, cast to the appropriate data type before plotting.
2026-03-01 22:55:41,738 - INFO - Using categorical units to plot a list of strings that are all parsable as floats or dates. If these strings should be plotted as numbers, cast to the appropriate data type before plotting.
2026-03-01 22:55:41,739 - INFO - Using categorical units to plot a list of strings that are all parsable as floats or dates. If these strings should be plotted as numbers, cast to the appropriate data type before plotting.
2026-03-01 22:55:41,798 - INFO - Using categorical units to plot a list of strings that are all parsable as floats or dates. If these strings should be plotted as numbers, cast to the appropriate data type before plotting.
2026-03-01 22:55:41,799 - INFO - Using categorical units to plot a list of strings that are all parsable as floats or dates. If these strings should be plotted as numbers, cast to the appropriate data type before plotting.
2026-03-01 22:55:41,842 - INFO - revenue chart saved as revenue.png
2026-03-01 22:55:41,843 - INFO - Starting generating Report
2026-03-01 22:55:41,849 - INFO - Report exported successfully \u2192 report.json
2026-03-01 23:26:27,863 - INFO - Starting Autosight Pipeline
2026-03-01 23:26:27,959 - INFO - Connected to DB
2026-03-01 23:26:27,959 - INFO - Getting data from the CSV
2026-03-01 23:26:28,058 - INFO - CSV data inserted successfully.
2026-03-01 23:26:28,066 - INFO - Starting Daily trends analysis
2026-03-01 23:26:28,067 - INFO - Daily trend analysis completed successfully
2026-03-01 23:26:28,067 - INFO - starting predicting revenue
2026-03-01 23:26:28,068 - INFO - Predicting generated: 3231155.0
2026-03-01 23:26:28,068 - INFO - Starting generating graph
2026-03-01 23:26:28,479 - INFO - Using categorical units to plot a list of strings that are all parsable as floats or dates. If these strings should be plotted as numbers, cast to the appropriate data type before plotting.
2026-03-01 23:26:28,481 - INFO - Using categorical units to plot a list of strings that are all parsable as floats or dates. If these strings should be plotted as numbers, cast to the appropriate data type before plotting.
2026-03-01 23:26:28,554 - INFO - Using categorical units to plot a list of strings that are all parsable as floats or dates. If these strings should be plotted as numbers, cast to the appropriate data type before plotting.
2026-03-01 23:26:28,555 - INFO - Using categorical units to plot a list of strings that are all parsable as floats or dates. If these strings should be plotted as numbers, cast to the appropriate data type before plotting.
2026-03-01 23:26:28,596 - INFO - Using categorical units to plot a list of strings that are all parsable as floats or dates. If these strings should be plotted as numbers, cast to the appropriate data type before plotting.
2026-03-01 23:26:28,596 - INFO - Using categorical units to plot a list of strings that are all parsable as floats or dates. If these strings should be plotted as numbers, cast to the appropriate data type before plotting.
2026-03-01 23:26:28,655 - INFO - Using categorical units to plot a list of strings that are all parsable as floats or dates. If these strings should be plotted as numbers, cast to the appropriate data type before plotting.
2026-03-01 23:26:28,656 - INFO - Using categorical units to plot a list of strings that are all parsable as floats or dates. If these strings should be plotted as numbers, cast to the appropriate data type before plotting.
2026-03-01 23:26:28,697 - INFO - revenue chart saved as revenue.png
2026-03-01 23:26:28,697 - INFO - Starting generating Report
2026-03-01 23:26:28,705 - INFO - Report exported successfully \u2192 report.json
